android/app/build/intermediates/manifest_merge_blame_file/release/manifest-merger-blame-release-report.txt
1<?xml version="1.0" encoding="utf-8"?>
2<manifest xmlns:android="http://schemas.android.com/apk/res/android"
3    package="com.cofitnew.app"
4    android:versionCode="1"
5    android:versionName="1.0" >
6
7    <uses-sdk
8        android:minSdkVersion="21"
8-->src\main\AndroidManifest.xml
9        android:targetSdkVersion="33" />
9-->src\main\AndroidManifest.xml
10
11    <uses-permission android:name="android.permission.INTERNET" />
11-->src\main\AndroidManifest.xml:4:5-67
11-->src\main\AndroidManifest.xml:4:22-64
12    <uses-permission android:name="android.permission.ACCESS_FINE_LOCATION" />
12-->src\main\AndroidManifest.xml:5:5-79
12-->src\main\AndroidManifest.xml:5:22-76
13    <uses-permission android:name="android.permission.READ_MEDIA_IMAGES" />
13-->src\main\AndroidManifest.xml:6:5-75
13-->src\main\AndroidManifest.xml:6:22-73
14    <uses-permission android:name="android.permission.CAMERA" />
14-->src\main\AndroidManifest.xml:7:5-64
14-->src\main\AndroidManifest.xml:7:22-62
15    <uses-permission android:name="android.permission.ACCESS_COARSE_LOCATION" />
15-->src\main\AndroidManifest.xml:8:6-82
15-->src\main\AndroidManifest.xml:8:23-79
16    <uses-permission android:name="android.permission.ACCESS_NETWORK_STATE" />
16-->src\main\AndroidManifest.xml:9:6-80
16-->src\main\AndroidManifest.xml:9:23-77
17    <uses-permission android:name="android.permission.ACCESS_WIFI_STATE" />
17-->[:react-native-community_netinfo] AndroidManifest.xml:10:5-76
17-->[:react-native-community_netinfo] AndroidManifest.xml:10:22-73
18    <uses-permission android:name="android.permission.WRITE_EXTERNAL_STORAGE" />
18-->[:react-native-fs] AndroidManifest.xml:9:5-81
18-->[:react-native-fs] AndroidManifest.xml:9:22-78
19
20    <queries>
20-->[:react-native-image-crop-picker] AndroidManifest.xml:9:5-13:15
21        <intent>
21-->[:react-native-image-crop-picker] AndroidManifest.xml:10:9-12:18
22            <action android:name="android.media.action.IMAGE_CAPTURE" />
22-->[:react-native-image-crop-picker] AndroidManifest.xml:11:13-73
22-->[:react-native-image-crop-picker] AndroidManifest.xml:11:21-70
23        </intent>
24        <!-- Needs to be explicitly declared on Android R+ -->
25        <package android:name="com.google.android.apps.maps" />
25-->[com.google.android.gms:play-services-maps:18.2.0] AndroidManifest.xml:33:9-64
25-->[com.google.android.gms:play-services-maps:18.2.0] AndroidManifest.xml:33:18-61
26    </queries> <!-- Required to access Google Play Licensing -->
27    <uses-permission android:name="com.android.vending.CHECK_LICENSE" />
27-->[:rn-fetch-blob] AndroidManifest.xml:10:5-73
27-->[:rn-fetch-blob] AndroidManifest.xml:10:22-70
28    <!--
29         Required to keep CPU alive while downloading files
30        (NOT to keep screen awake)
31    -->
32    <uses-permission android:name="android.permission.WAKE_LOCK" /> <!-- Required by older versions of Google Play services to create IID tokens -->
32-->[:rn-fetch-blob] AndroidManifest.xml:19:5-68
32-->[:rn-fetch-blob] AndroidManifest.xml:19:22-65
33    <uses-permission android:name="com.google.android.c2dm.permission.RECEIVE" />
33-->[com.google.android.gms:play-services-iid:17.0.0] AndroidManifest.xml:23:5-82
33-->[com.google.android.gms:play-services-iid:17.0.0] AndroidManifest.xml:23:22-79
34
35    <uses-feature
35-->[com.google.android.gms:play-services-maps:18.2.0] AndroidManifest.xml:26:5-28:35
36        android:glEsVersion="0x00020000"
36-->[com.google.android.gms:play-services-maps:18.2.0] AndroidManifest.xml:27:9-41
37        android:required="true" />
37-->[com.google.android.gms:play-services-maps:18.2.0] AndroidManifest.xml:28:9-32
38
39    <uses-permission android:name="android.permission.RECEIVE_BOOT_COMPLETED" />
39-->[androidx.work:work-runtime:2.8.0] AndroidManifest.xml:25:5-81
39-->[androidx.work:work-runtime:2.8.0] AndroidManifest.xml:25:22-78
40    <uses-permission android:name="android.permission.FOREGROUND_SERVICE" />
40-->[androidx.work:work-runtime:2.8.0] AndroidManifest.xml:26:5-77
40-->[androidx.work:work-runtime:2.8.0] AndroidManifest.xml:26:22-74
41    <uses-permission android:name="android.permission.POST_NOTIFICATIONS" />
41-->[app.notifee:core:202108261754] AndroidManifest.xml:9:5-77
41-->[app.notifee:core:202108261754] AndroidManifest.xml:9:22-74
42    <uses-permission android:name="android.permission.VIBRATE" />
42-->[app.notifee:core:202108261754] AndroidManifest.xml:13:5-66
42-->[app.notifee:core:202108261754] AndroidManifest.xml:13:22-63
43    <uses-permission android:name="android.permission.USE_FULL_SCREEN_INTENT" />
43-->[app.notifee:core:202108261754] AndroidManifest.xml:16:5-81
43-->[app.notifee:core:202108261754] AndroidManifest.xml:16:22-78
44    <uses-permission android:name="android.permission.SCHEDULE_EXACT_ALARM" />
44-->[app.notifee:core:202108261754] AndroidManifest.xml:17:5-79
44-->[app.notifee:core:202108261754] AndroidManifest.xml:17:22-76
45    <uses-permission
45-->[app.notifee:core:202108261754] AndroidManifest.xml:18:5-20:38
46        android:name="android.permission.BROADCAST_CLOSE_SYSTEM_DIALOGS"
46-->[app.notifee:core:202108261754] AndroidManifest.xml:19:9-73
47        android:maxSdkVersion="30" /> <!-- For Xiaomi devices to enable heads-up notifications as default (https://github.com/invertase/notifee/issues/296) -->
47-->[app.notifee:core:202108261754] AndroidManifest.xml:20:9-35
48    <uses-permission
48-->[app.notifee:core:202108261754] AndroidManifest.xml:22:5-24:38
49        android:name="android.permission.ACCESS_NOTIFICATION_POLICY"
49-->[app.notifee:core:202108261754] AndroidManifest.xml:23:9-69
50        android:minSdkVersion="23" />
50-->[app.notifee:core:202108261754] AndroidManifest.xml:24:9-35
51    <uses-permission android:name="com.google.android.finsky.permission.BIND_GET_INSTALL_REFERRER_SERVICE" />
51-->[com.android.installreferrer:installreferrer:1.1.2] AndroidManifest.xml:9:5-110
51-->[com.android.installreferrer:installreferrer:1.1.2] AndroidManifest.xml:9:22-107
52    <!--
53 <uses-feature android:name="android.hardware.camera" android:required="false" />
54    <uses-feature android:name="android.hardware.camera.front" android:required="false" />
55    -->
56    <application
56-->src\main\AndroidManifest.xml:13:5-51:19
57        android:name="com.cofitnew.app.MainApplication"
57-->src\main\AndroidManifest.xml:14:7-38
58        android:allowBackup="false"
58-->src\main\AndroidManifest.xml:18:7-34
59        android:appComponentFactory="androidx.core.app.CoreComponentFactory"
59-->[androidx.core:core:1.8.0] AndroidManifest.xml:24:18-86
60        android:icon="@mipmap/ic_launcher"
60-->src\main\AndroidManifest.xml:16:7-41
61        android:label="@string/app_name"
61-->src\main\AndroidManifest.xml:15:7-39
62        android:roundIcon="@mipmap/ic_launcher_round"
62-->src\main\AndroidManifest.xml:17:7-52
63        android:theme="@style/AppTheme" >
63-->src\main\AndroidManifest.xml:19:7-38
64        <meta-data
64-->src\main\AndroidManifest.xml:21:10-24:5
65            android:name="com.google.android.geo.API_KEY"
65-->src\main\AndroidManifest.xml:22:5-50
66            android:value="AIzaSyBpVX6Xl4OEftECYrN-wauMw7dpUyl6GiI" />
66-->src\main\AndroidManifest.xml:23:5-60
67
68        <activity
68-->src\main\AndroidManifest.xml:25:7-49:18
69            android:name="com.cofitnew.app.MainActivity"
69-->src\main\AndroidManifest.xml:26:9-37
70            android:configChanges="keyboard|keyboardHidden|orientation|screenLayout|screenSize|smallestScreenSize|uiMode"
70-->src\main\AndroidManifest.xml:28:9-118
71            android:exported="true"
71-->src\main\AndroidManifest.xml:31:9-32
72            android:label="@string/app_name"
72-->src\main\AndroidManifest.xml:27:9-41
73            android:launchMode="singleTask"
73-->src\main\AndroidManifest.xml:29:9-40
74            android:windowSoftInputMode="adjustResize" >
74-->src\main\AndroidManifest.xml:30:9-51
75            <intent-filter>
75-->src\main\AndroidManifest.xml:32:9-35:25
76                <action android:name="android.intent.action.MAIN" />
76-->src\main\AndroidManifest.xml:33:13-65
76-->src\main\AndroidManifest.xml:33:21-62
77
78                <category android:name="android.intent.category.LAUNCHER" />
78-->src\main\AndroidManifest.xml:34:13-73
78-->src\main\AndroidManifest.xml:34:23-70
79            </intent-filter>
80            <intent-filter>
80-->src\main\AndroidManifest.xml:36:9-41:25
81                <action android:name="android.intent.action.VIEW" />
81-->src\main\AndroidManifest.xml:37:13-65
81-->src\main\AndroidManifest.xml:37:21-62
82
83                <category android:name="android.intent.category.DEFAULT" />
83-->src\main\AndroidManifest.xml:38:13-72
83-->src\main\AndroidManifest.xml:38:23-69
84                <category android:name="android.intent.category.BROWSABLE" />
84-->src\main\AndroidManifest.xml:39:13-74
84-->src\main\AndroidManifest.xml:39:23-71
85
86                <data android:scheme="cofit" />
86-->src\main\AndroidManifest.xml:40:13-44
86-->src\main\AndroidManifest.xml:40:19-41
87            </intent-filter>
88            <intent-filter android:autoVerify="true" >
88-->src\main\AndroidManifest.xml:42:9-48:25
88-->src\main\AndroidManifest.xml:42:24-49
89                <action android:name="android.intent.action.VIEW" />
89-->src\main\AndroidManifest.xml:37:13-65
89-->src\main\AndroidManifest.xml:37:21-62
90
91                <category android:name="android.intent.category.DEFAULT" />
91-->src\main\AndroidManifest.xml:38:13-72
91-->src\main\AndroidManifest.xml:38:23-69
92                <category android:name="android.intent.category.BROWSABLE" />
92-->src\main\AndroidManifest.xml:39:13-74
92-->src\main\AndroidManifest.xml:39:23-71
93
94                <data android:scheme="https" />
94-->src\main\AndroidManifest.xml:40:13-44
94-->src\main\AndroidManifest.xml:40:19-41
95                <data android:host="apple.cofitapp.com" />
95-->src\main\AndroidManifest.xml:40:13-44
95-->src\main\AndroidManifest.xml:47:19-52
96            </intent-filter>
97        </activity>
98
99        <provider
99-->[:notifee_react-native] AndroidManifest.xml:10:9-14:40
100            android:name="io.invertase.notifee.NotifeeInitProvider"
100-->[:notifee_react-native] AndroidManifest.xml:11:13-68
101            android:authorities="com.cofitnew.app.notifee-init-provider"
101-->[:notifee_react-native] AndroidManifest.xml:12:13-73
102            android:exported="false"
102-->[:notifee_react-native] AndroidManifest.xml:13:13-37
103            android:initOrder="-100" />
103-->[:notifee_react-native] AndroidManifest.xml:14:13-37
104        <provider
104-->[:react-native-image-crop-picker] AndroidManifest.xml:18:9-26:20
105            android:name="com.reactnative.ivpusic.imagepicker.IvpusicImagePickerFileProvider"
105-->[:react-native-image-crop-picker] AndroidManifest.xml:19:13-94
106            android:authorities="com.cofitnew.app.provider"
106-->[:react-native-image-crop-picker] AndroidManifest.xml:20:13-60
107            android:exported="false"
107-->[:react-native-image-crop-picker] AndroidManifest.xml:21:13-37
108            android:grantUriPermissions="true" >
108-->[:react-native-image-crop-picker] AndroidManifest.xml:22:13-47
109            <meta-data
109-->[:react-native-image-crop-picker] AndroidManifest.xml:23:13-25:78
110                android:name="android.support.FILE_PROVIDER_PATHS"
110-->[:react-native-image-crop-picker] AndroidManifest.xml:24:17-67
111                android:resource="@xml/ivpusic_imagepicker_provider_paths" />
111-->[:react-native-image-crop-picker] AndroidManifest.xml:25:17-75
112        </provider>
113
114        <activity
114-->[:react-native-image-crop-picker] AndroidManifest.xml:28:9-30:72
115            android:name="com.yalantis.ucrop.UCropActivity"
115-->[:react-native-image-crop-picker] AndroidManifest.xml:29:13-60
116            android:theme="@style/Theme.AppCompat.Light.NoActionBar" />
116-->[:react-native-image-crop-picker] AndroidManifest.xml:30:13-69
117
118        <provider
118-->[:react-native-webview] AndroidManifest.xml:10:9-18:20
119            android:name="com.reactnativecommunity.webview.RNCWebViewFileProvider"
119-->[:react-native-webview] AndroidManifest.xml:11:13-83
120            android:authorities="com.cofitnew.app.fileprovider"
120-->[:react-native-webview] AndroidManifest.xml:12:13-64
121            android:exported="false"
121-->[:react-native-webview] AndroidManifest.xml:13:13-37
122            android:grantUriPermissions="true" >
122-->[:react-native-webview] AndroidManifest.xml:14:13-47
123            <meta-data
123-->[:react-native-image-crop-picker] AndroidManifest.xml:23:13-25:78
124                android:name="android.support.FILE_PROVIDER_PATHS"
124-->[:react-native-image-crop-picker] AndroidManifest.xml:24:17-67
125                android:resource="@xml/file_provider_paths" />
125-->[:react-native-image-crop-picker] AndroidManifest.xml:25:17-75
126        </provider>
127        <provider
127-->[:rn-fetch-blob] AndroidManifest.xml:34:9-42:20
128            android:name="com.RNFetchBlob.Utils.FileProvider"
128-->[:rn-fetch-blob] AndroidManifest.xml:35:13-62
129            android:authorities="com.cofitnew.app.provider"
129-->[:rn-fetch-blob] AndroidManifest.xml:36:13-60
130            android:exported="false"
130-->[:rn-fetch-blob] AndroidManifest.xml:37:13-37
131            android:grantUriPermissions="true" >
131-->[:rn-fetch-blob] AndroidManifest.xml:38:13-47
132            <meta-data
132-->[:react-native-image-crop-picker] AndroidManifest.xml:23:13-25:78
133                android:name="android.support.FILE_PROVIDER_PATHS"
133-->[:react-native-image-crop-picker] AndroidManifest.xml:24:17-67
134                android:resource="@xml/provider_paths" />
134-->[:react-native-image-crop-picker] AndroidManifest.xml:25:17-75
135        </provider>
136
137        <meta-data
137-->[com.github.bumptech.glide:okhttp3-integration:4.12.0] AndroidManifest.xml:11:9-13:43
138            android:name="com.bumptech.glide.integration.okhttp3.OkHttpGlideModule"
138-->[com.github.bumptech.glide:okhttp3-integration:4.12.0] AndroidManifest.xml:12:13-84
139            android:value="GlideModule" />
139-->[com.github.bumptech.glide:okhttp3-integration:4.12.0] AndroidManifest.xml:13:13-40
140
141        <activity
141-->[com.google.android.gms:play-services-auth:20.5.0] AndroidManifest.xml:23:9-27:75
142            android:name="com.google.android.gms.auth.api.signin.internal.SignInHubActivity"
142-->[com.google.android.gms:play-services-auth:20.5.0] AndroidManifest.xml:24:13-93
143            android:excludeFromRecents="true"
143-->[com.google.android.gms:play-services-auth:20.5.0] AndroidManifest.xml:25:13-46
144            android:exported="false"
144-->[com.google.android.gms:play-services-auth:20.5.0] AndroidManifest.xml:26:13-37
145            android:theme="@android:style/Theme.Translucent.NoTitleBar" />
145-->[com.google.android.gms:play-services-auth:20.5.0] AndroidManifest.xml:27:13-72
146        <!--
147            Service handling Google Sign-In user revocation. For apps that do not integrate with
148            Google Sign-In, this service will never be started.
149        -->
150        <service
150-->[com.google.android.gms:play-services-auth:20.5.0] AndroidManifest.xml:33:9-37:51
151            android:name="com.google.android.gms.auth.api.signin.RevocationBoundService"
151-->[com.google.android.gms:play-services-auth:20.5.0] AndroidManifest.xml:34:13-89
152            android:exported="true"
152-->[com.google.android.gms:play-services-auth:20.5.0] AndroidManifest.xml:35:13-36
153            android:permission="com.google.android.gms.auth.api.signin.permission.REVOCATION_NOTIFICATION"
153-->[com.google.android.gms:play-services-auth:20.5.0] AndroidManifest.xml:36:13-107
154            android:visibleToInstantApps="true" />
154-->[com.google.android.gms:play-services-auth:20.5.0] AndroidManifest.xml:37:13-48
155
156        <meta-data
156-->[com.google.maps.android:android-maps-utils:3.8.2] AndroidManifest.xml:8:9-10:69
157            android:name="com.google.android.gms.version"
157-->[com.google.maps.android:android-maps-utils:3.8.2] AndroidManifest.xml:9:13-58
158            android:value="@integer/google_play_services_version" /> <!-- Needs to be explicitly declared on P+ -->
158-->[com.google.maps.android:android-maps-utils:3.8.2] AndroidManifest.xml:10:13-66
159        <uses-library
159-->[com.google.android.gms:play-services-maps:18.2.0] AndroidManifest.xml:39:9-41:40
160            android:name="org.apache.http.legacy"
160-->[com.google.android.gms:play-services-maps:18.2.0] AndroidManifest.xml:40:13-50
161            android:required="false" />
161-->[com.google.android.gms:play-services-maps:18.2.0] AndroidManifest.xml:41:13-37
162
163        <activity
163-->[com.google.android.gms:play-services-base:18.2.0] AndroidManifest.xml:20:9-22:45
164            android:name="com.google.android.gms.common.api.GoogleApiActivity"
164-->[com.google.android.gms:play-services-base:18.2.0] AndroidManifest.xml:20:19-85
165            android:exported="false"
165-->[com.google.android.gms:play-services-base:18.2.0] AndroidManifest.xml:22:19-43
166            android:theme="@android:style/Theme.Translucent.NoTitleBar" />
166-->[com.google.android.gms:play-services-base:18.2.0] AndroidManifest.xml:21:19-78
167
168        <provider
168-->[androidx.emoji2:emoji2:1.0.0] AndroidManifest.xml:26:9-34:20
169            android:name="androidx.startup.InitializationProvider"
169-->[androidx.emoji2:emoji2:1.0.0] AndroidManifest.xml:27:13-67
170            android:authorities="com.cofitnew.app.androidx-startup"
170-->[androidx.emoji2:emoji2:1.0.0] AndroidManifest.xml:28:13-68
171            android:exported="false" >
171-->[androidx.emoji2:emoji2:1.0.0] AndroidManifest.xml:29:13-37
172            <meta-data
172-->[androidx.emoji2:emoji2:1.0.0] AndroidManifest.xml:31:13-33:52
173                android:name="androidx.emoji2.text.EmojiCompatInitializer"
173-->[androidx.emoji2:emoji2:1.0.0] AndroidManifest.xml:32:17-75
174                android:value="androidx.startup" />
174-->[androidx.emoji2:emoji2:1.0.0] AndroidManifest.xml:33:17-49
175            <meta-data
175-->[androidx.work:work-runtime:2.8.0] AndroidManifest.xml:34:13-36:52
176                android:name="androidx.work.WorkManagerInitializer"
176-->[androidx.work:work-runtime:2.8.0] AndroidManifest.xml:35:17-68
177                android:value="androidx.startup" />
177-->[androidx.work:work-runtime:2.8.0] AndroidManifest.xml:36:17-49
178            <meta-data
178-->[androidx.lifecycle:lifecycle-process:2.4.0] AndroidManifest.xml:31:13-33:52
179                android:name="androidx.lifecycle.ProcessLifecycleInitializer"
179-->[androidx.lifecycle:lifecycle-process:2.4.0] AndroidManifest.xml:32:17-78
180                android:value="androidx.startup" />
180-->[androidx.lifecycle:lifecycle-process:2.4.0] AndroidManifest.xml:33:17-49
181        </provider>
182
183        <service
183-->[androidx.work:work-runtime:2.8.0] AndroidManifest.xml:39:9-45:35
184            android:name="androidx.work.impl.background.systemalarm.SystemAlarmService"
184-->[androidx.work:work-runtime:2.8.0] AndroidManifest.xml:40:13-88
185            android:directBootAware="false"
185-->[androidx.work:work-runtime:2.8.0] AndroidManifest.xml:41:13-44
186            android:enabled="@bool/enable_system_alarm_service_default"
186-->[androidx.work:work-runtime:2.8.0] AndroidManifest.xml:42:13-72
187            android:exported="false" />
187-->[androidx.work:work-runtime:2.8.0] AndroidManifest.xml:43:13-37
188        <service
188-->[androidx.work:work-runtime:2.8.0] AndroidManifest.xml:46:9-52:35
189            android:name="androidx.work.impl.background.systemjob.SystemJobService"
189-->[androidx.work:work-runtime:2.8.0] AndroidManifest.xml:47:13-84
190            android:directBootAware="false"
190-->[androidx.work:work-runtime:2.8.0] AndroidManifest.xml:48:13-44
191            android:enabled="@bool/enable_system_job_service_default"
191-->[androidx.work:work-runtime:2.8.0] AndroidManifest.xml:49:13-70
192            android:exported="true"
192-->[androidx.work:work-runtime:2.8.0] AndroidManifest.xml:50:13-36
193            android:permission="android.permission.BIND_JOB_SERVICE" />
193-->[androidx.work:work-runtime:2.8.0] AndroidManifest.xml:51:13-69
194        <service
194-->[androidx.work:work-runtime:2.8.0] AndroidManifest.xml:53:9-59:35
195            android:name="androidx.work.impl.foreground.SystemForegroundService"
195-->[androidx.work:work-runtime:2.8.0] AndroidManifest.xml:54:13-81
196            android:directBootAware="false"
196-->[androidx.work:work-runtime:2.8.0] AndroidManifest.xml:55:13-44
197            android:enabled="@bool/enable_system_foreground_service_default"
197-->[androidx.work:work-runtime:2.8.0] AndroidManifest.xml:56:13-77
198            android:exported="false" />
198-->[androidx.work:work-runtime:2.8.0] AndroidManifest.xml:57:13-37
199
200        <receiver
200-->[androidx.work:work-runtime:2.8.0] AndroidManifest.xml:61:9-66:35
201            android:name="androidx.work.impl.utils.ForceStopRunnable$BroadcastReceiver"
201-->[androidx.work:work-runtime:2.8.0] AndroidManifest.xml:62:13-88
202            android:directBootAware="false"
202-->[androidx.work:work-runtime:2.8.0] AndroidManifest.xml:63:13-44
203            android:enabled="true"
203-->[androidx.work:work-runtime:2.8.0] AndroidManifest.xml:64:13-35
204            android:exported="false" />
204-->[androidx.work:work-runtime:2.8.0] AndroidManifest.xml:65:13-37
205        <receiver
205-->[androidx.work:work-runtime:2.8.0] AndroidManifest.xml:67:9-77:20
206            android:name="androidx.work.impl.background.systemalarm.ConstraintProxy$BatteryChargingProxy"
206-->[androidx.work:work-runtime:2.8.0] AndroidManifest.xml:68:13-106
207            android:directBootAware="false"
207-->[androidx.work:work-runtime:2.8.0] AndroidManifest.xml:69:13-44
208            android:enabled="false"
208-->[androidx.work:work-runtime:2.8.0] AndroidManifest.xml:70:13-36
209            android:exported="false" >
209-->[androidx.work:work-runtime:2.8.0] AndroidManifest.xml:71:13-37
210            <intent-filter>
210-->[androidx.work:work-runtime:2.8.0] AndroidManifest.xml:73:13-76:29
211                <action android:name="android.intent.action.ACTION_POWER_CONNECTED" />
211-->[androidx.work:work-runtime:2.8.0] AndroidManifest.xml:74:17-87
211-->[androidx.work:work-runtime:2.8.0] AndroidManifest.xml:74:25-84
212                <action android:name="android.intent.action.ACTION_POWER_DISCONNECTED" />
212-->[androidx.work:work-runtime:2.8.0] AndroidManifest.xml:75:17-90
212-->[androidx.work:work-runtime:2.8.0] AndroidManifest.xml:75:25-87
213            </intent-filter>
214        </receiver>
215        <receiver
215-->[androidx.work:work-runtime:2.8.0] AndroidManifest.xml:78:9-88:20
216            android:name="androidx.work.impl.background.systemalarm.ConstraintProxy$BatteryNotLowProxy"
216-->[androidx.work:work-runtime:2.8.0] AndroidManifest.xml:79:13-104
217            android:directBootAware="false"
217-->[androidx.work:work-runtime:2.8.0] AndroidManifest.xml:80:13-44
218            android:enabled="false"
218-->[androidx.work:work-runtime:2.8.0] AndroidManifest.xml:81:13-36
219            android:exported="false" >
219-->[androidx.work:work-runtime:2.8.0] AndroidManifest.xml:82:13-37
220            <intent-filter>
220-->[androidx.work:work-runtime:2.8.0] AndroidManifest.xml:84:13-87:29
221                <action android:name="android.intent.action.BATTERY_OKAY" />
221-->[androidx.work:work-runtime:2.8.0] AndroidManifest.xml:85:17-77
221-->[androidx.work:work-runtime:2.8.0] AndroidManifest.xml:85:25-74
222                <action android:name="android.intent.action.BATTERY_LOW" />
222-->[androidx.work:work-runtime:2.8.0] AndroidManifest.xml:86:17-76
222-->[androidx.work:work-runtime:2.8.0] AndroidManifest.xml:86:25-73
223            </intent-filter>
224        </receiver>
225        <receiver
225-->[androidx.work:work-runtime:2.8.0] AndroidManifest.xml:89:9-99:20
226            android:name="androidx.work.impl.background.systemalarm.ConstraintProxy$StorageNotLowProxy"
226-->[androidx.work:work-runtime:2.8.0] AndroidManifest.xml:90:13-104
227            android:directBootAware="false"
227-->[androidx.work:work-runtime:2.8.0] AndroidManifest.xml:91:13-44
228            android:enabled="false"
228-->[androidx.work:work-runtime:2.8.0] AndroidManifest.xml:92:13-36
229            android:exported="false" >
229-->[androidx.work:work-runtime:2.8.0] AndroidManifest.xml:93:13-37
230            <intent-filter>
230-->[androidx.work:work-runtime:2.8.0] AndroidManifest.xml:95:13-98:29
231                <action android:name="android.intent.action.DEVICE_STORAGE_LOW" />
231-->[androidx.work:work-runtime:2.8.0] AndroidManifest.xml:96:17-83
231-->[androidx.work:work-runtime:2.8.0] AndroidManifest.xml:96:25-80
232                <action android:name="android.intent.action.DEVICE_STORAGE_OK" />
232-->[androidx.work:work-runtime:2.8.0] AndroidManifest.xml:97:17-82
232-->[androidx.work:work-runtime:2.8.0] AndroidManifest.xml:97:25-79
233            </intent-filter>
234        </receiver>
235        <receiver
235-->[androidx.work:work-runtime:2.8.0] AndroidManifest.xml:100:9-109:20
236            android:name="androidx.work.impl.background.systemalarm.ConstraintProxy$NetworkStateProxy"
236-->[androidx.work:work-runtime:2.8.0] AndroidManifest.xml:101:13-103
237            android:directBootAware="false"
237-->[androidx.work:work-runtime:2.8.0] AndroidManifest.xml:102:13-44
238            android:enabled="false"
238-->[androidx.work:work-runtime:2.8.0] AndroidManifest.xml:103:13-36
239            android:exported="false" >
239-->[androidx.work:work-runtime:2.8.0] AndroidManifest.xml:104:13-37
240            <intent-filter>
240-->[androidx.work:work-runtime:2.8.0] AndroidManifest.xml:106:13-108:29
241                <action android:name="android.net.conn.CONNECTIVITY_CHANGE" />
241-->[androidx.work:work-runtime:2.8.0] AndroidManifest.xml:107:17-79
241-->[androidx.work:work-runtime:2.8.0] AndroidManifest.xml:107:25-76
242            </intent-filter>
243        </receiver>
244        <receiver
244-->[androidx.work:work-runtime:2.8.0] AndroidManifest.xml:110:9-121:20
245            android:name="androidx.work.impl.background.systemalarm.RescheduleReceiver"
245-->[androidx.work:work-runtime:2.8.0] AndroidManifest.xml:111:13-88
246            android:directBootAware="false"
246-->[androidx.work:work-runtime:2.8.0] AndroidManifest.xml:112:13-44
247            android:enabled="false"
247-->[androidx.work:work-runtime:2.8.0] AndroidManifest.xml:113:13-36
248            android:exported="false" >
248-->[androidx.work:work-runtime:2.8.0] AndroidManifest.xml:114:13-37
249            <intent-filter>
249-->[androidx.work:work-runtime:2.8.0] AndroidManifest.xml:116:13-120:29
250                <action android:name="android.intent.action.BOOT_COMPLETED" />
250-->[androidx.work:work-runtime:2.8.0] AndroidManifest.xml:117:17-79
250-->[androidx.work:work-runtime:2.8.0] AndroidManifest.xml:117:25-76
251                <action android:name="android.intent.action.TIME_SET" />
251-->[androidx.work:work-runtime:2.8.0] AndroidManifest.xml:118:17-73
251-->[androidx.work:work-runtime:2.8.0] AndroidManifest.xml:118:25-70
252                <action android:name="android.intent.action.TIMEZONE_CHANGED" />
252-->[androidx.work:work-runtime:2.8.0] AndroidManifest.xml:119:17-81
252-->[androidx.work:work-runtime:2.8.0] AndroidManifest.xml:119:25-78
253            </intent-filter>
254        </receiver>
255        <receiver
255-->[androidx.work:work-runtime:2.8.0] AndroidManifest.xml:122:9-131:20
256            android:name="androidx.work.impl.background.systemalarm.ConstraintProxyUpdateReceiver"
256-->[androidx.work:work-runtime:2.8.0] AndroidManifest.xml:123:13-99
257            android:directBootAware="false"
257-->[androidx.work:work-runtime:2.8.0] AndroidManifest.xml:124:13-44
258            android:enabled="@bool/enable_system_alarm_service_default"
258-->[androidx.work:work-runtime:2.8.0] AndroidManifest.xml:125:13-72
259            android:exported="false" >
259-->[androidx.work:work-runtime:2.8.0] AndroidManifest.xml:126:13-37
260            <intent-filter>
260-->[androidx.work:work-runtime:2.8.0] AndroidManifest.xml:128:13-130:29
261                <action android:name="androidx.work.impl.background.systemalarm.UpdateProxies" />
261-->[androidx.work:work-runtime:2.8.0] AndroidManifest.xml:129:17-98
261-->[androidx.work:work-runtime:2.8.0] AndroidManifest.xml:129:25-95
262            </intent-filter>
263        </receiver>
264        <receiver
264-->[androidx.work:work-runtime:2.8.0] AndroidManifest.xml:132:9-142:20
265            android:name="androidx.work.impl.diagnostics.DiagnosticsReceiver"
265-->[androidx.work:work-runtime:2.8.0] AndroidManifest.xml:133:13-78
266            android:directBootAware="false"
266-->[androidx.work:work-runtime:2.8.0] AndroidManifest.xml:134:13-44
267            android:enabled="true"
267-->[androidx.work:work-runtime:2.8.0] AndroidManifest.xml:135:13-35
268            android:exported="true"
268-->[androidx.work:work-runtime:2.8.0] AndroidManifest.xml:136:13-36
269            android:permission="android.permission.DUMP" >
269-->[androidx.work:work-runtime:2.8.0] AndroidManifest.xml:137:13-57
270            <intent-filter>
270-->[androidx.work:work-runtime:2.8.0] AndroidManifest.xml:139:13-141:29
271                <action android:name="androidx.work.diagnostics.REQUEST_DIAGNOSTICS" />
271-->[androidx.work:work-runtime:2.8.0] AndroidManifest.xml:140:17-88
271-->[androidx.work:work-runtime:2.8.0] AndroidManifest.xml:140:25-85
272            </intent-filter>
273        </receiver>
274
275        <service
275-->[androidx.room:room-runtime:2.5.0] AndroidManifest.xml:24:9-28:63